# JRE version: Java(TM) SE Runtime Environment (8.0_144-b01) (build 1.8.0_144-b01)
# Java VM: Java HotSpot(TM) Client VM (25.144-b01 mixed mode windows-x86 )
Heap:
 def new generation   total 157248K, used 157247K [0x05800000, 0x102a0000, 0x102a0000)
  eden space 139776K,  99% used [0x05800000, 0x0e07fff8, 0x0e080000)
  from space 17472K,  99% used [0x0e080000, 0x0f18fff8, 0x0f190000)
  to   space 17472K,   0% used [0x0f190000, 0x0f190000, 0x102a0000)
 tenured generation   total 349568K, used 349568K [0x102a0000, 0x25800000, 0x25800000)
   the space 349568K, 100% used [0x102a0000, 0x25800000, 0x25800000, 0x25800000)
 Metaspace       used 20797K, capacity 21298K, committed 21504K, reserved 21888K
GC Heap History (10 events):
Event: 14932.030 GC heap before
{Heap before GC invocations=316 (full 25):
 def new generation   total 157248K, used 157247K [0x05800000, 0x102a0000, 0x102a0000)
  eden space 139776K,  99% used [0x05800000, 0x0e07fff8, 0x0e080000)
  from space 17472K,  99% used [0x0e080000, 0x0f18fff8, 0x0f190000)
  to   space 17472K,   0% used [0x0f190000, 0x0f190000, 0x102a0000)
 tenured generation   total 349568K, used 349568K [0x102a0000, 0x25800000, 0x25800000)
   the space 349568K, 100% used [0x102a0000, 0x25800000, 0x25800000, 0x25800000)
 Metaspace       used 20797K, capacity 21298K, committed 21504K, reserved 21888K
Event: 14932.549 GC heap after
Heap after GC invocations=317 (full 26):
 def new generation   total 157248K, used 157247K [0x05800000, 0x102a0000, 0x102a0000)
  eden space 139776K,  99% used [0x05800000, 0x0e07fff8, 0x0e080000)
  from space 17472K,  99% used [0x0e080000, 0x0f18fff8, 0x0f190000)
  to   space 17472K,   0% used [0x0f190000, 0x0f190000, 0x102a0000)
 tenured generation   total 349568K, used 349568K [0x102a0000, 0x25800000, 0x25800000)
   the space 349568K, 100% used [0x102a0000, 0x25800000, 0x25800000, 0x25800000)
 Metaspace       used 20797K, capacity 21298K, committed 21504K, reserved 21888K
}
Event: 14932.550 GC heap before
{Heap before GC invocations=317 (full 26):
 def new generation   total 157248K, used 157247K [0x05800000, 0x102a0000, 0x102a0000)
  eden space 139776K,  99% used [0x05800000, 0x0e07fff8, 0x0e080000)
  from space 17472K,  99% used [0x0e080000, 0x0f18fff8, 0x0f190000)
  to   space 17472K,   0% used [0x0f190000, 0x0f190000, 0x102a0000)
 tenured generation   total 349568K, used 349568K [0x102a0000, 0x25800000, 0x25800000)
   the space 349568K, 100% used [0x102a0000, 0x25800000, 0x25800000, 0x25800000)
 Metaspace       used 20797K, capacity 21298K, committed 21504K, reserved 21888K
Event: 14933.076 GC heap after
Heap after GC invocations=318 (full 27):
 def new generation   total 157248K, used 157247K [0x05800000, 0x102a0000, 0x102a0000)
  eden space 139776K,  99% used [0x05800000, 0x0e07fff8, 0x0e080000)
  from space 17472K,  99% used [0x0e080000, 0x0f18fff8, 0x0f190000)
  to   space 17472K,   0% used [0x0f190000, 0x0f190000, 0x102a0000)
 tenured generation   total 349568K, used 349568K [0x102a0000, 0x25800000, 0x25800000)
   the space 349568K, 100% used [0x102a0000, 0x25800000, 0x25800000, 0x25800000)
 Metaspace       used 20797K, capacity 21298K, committed 21504K, reserved 21888K
}
Event: 14933.076 GC heap before
{Heap before GC invocations=318 (full 27):
 def new generation   total 157248K, used 157247K [0x05800000, 0x102a0000, 0x102a0000)
  eden space 139776K,  99% used [0x05800000, 0x0e07fff8, 0x0e080000)
  from space 17472K,  99% used [0x0e080000, 0x0f18fff8, 0x0f190000)
  to   space 17472K,   0% used [0x0f190000, 0x0f190000, 0x102a0000)
 tenured generation   total 349568K, used 349568K [0x102a0000, 0x25800000, 0x25800000)
   the space 349568K, 100% used [0x102a0000, 0x25800000, 0x25800000, 0x25800000)
 Metaspace       used 20797K, capacity 21298K, committed 21504K, reserved 21888K
Event: 14933.627 GC heap after
Heap after GC invocations=319 (full 28):
 def new generation   total 157248K, used 157247K [0x05800000, 0x102a0000, 0x102a0000)
  eden space 139776K,  99% used [0x05800000, 0x0e07fff8, 0x0e080000)
  from space 17472K,  99% used [0x0e080000, 0x0f18fff8, 0x0f190000)
  to   space 17472K,   0% used [0x0f190000, 0x0f190000, 0x102a0000)
 tenured generation   total 349568K, used 349568K [0x102a0000, 0x25800000, 0x25800000)
   the space 349568K, 100% used [0x102a0000, 0x25800000, 0x25800000, 0x25800000)
 Metaspace       used 20797K, capacity 21298K, committed 21504K, reserved 21888K
}
Event: 14933.627 GC heap before
{Heap before GC invocations=319 (full 28):
 def new generation   total 157248K, used 157247K [0x05800000, 0x102a0000, 0x102a0000)
  eden space 139776K,  99% used [0x05800000, 0x0e07fff8, 0x0e080000)
  from space 17472K,  99% used [0x0e080000, 0x0f18fff8, 0x0f190000)
  to   space 17472K,   0% used [0x0f190000, 0x0f190000, 0x102a0000)
 tenured generation   total 349568K, used 349568K [0x102a0000, 0x25800000, 0x25800000)
   the space 349568K, 100% used [0x102a0000, 0x25800000, 0x25800000, 0x25800000)
 Metaspace       used 20797K, capacity 21298K, committed 21504K, reserved 21888K
Event: 14934.383 GC heap after
Heap after GC invocations=320 (full 29):
 def new generation   total 157248K, used 157247K [0x05800000, 0x102a0000, 0x102a0000)
  eden space 139776K,  99% used [0x05800000, 0x0e07fff8, 0x0e080000)
  from space 17472K,  99% used [0x0e080000, 0x0f18fff8, 0x0f190000)
  to   space 17472K,   0% used [0x0f190000, 0x0f190000, 0x102a0000)
 tenured generation   total 349568K, used 349568K [0x102a0000, 0x25800000, 0x25800000)
   the space 349568K, 100% used [0x102a0000, 0x25800000, 0x25800000, 0x25800000)
 Metaspace       used 20797K, capacity 21298K, committed 21504K, reserved 21888K
}
Event: 14934.383 GC heap before
{Heap before GC invocations=320 (full 29):
 def new generation   total 157248K, used 157247K [0x05800000, 0x102a0000, 0x102a0000)
  eden space 139776K,  99% used [0x05800000, 0x0e07fff8, 0x0e080000)
  from space 17472K,  99% used [0x0e080000, 0x0f18fff8, 0x0f190000)
  to   space 17472K,   0% used [0x0f190000, 0x0f190000, 0x102a0000)
 tenured generation   total 349568K, used 349568K [0x102a0000, 0x25800000, 0x25800000)
   the space 349568K, 100% used [0x102a0000, 0x25800000, 0x25800000, 0x25800000)
 Metaspace       used 20797K, capacity 21298K, committed 21504K, reserved 21888K
Event: 14935.022 GC heap after
Heap after GC invocations=321 (full 30):
 def new generation   total 157248K, used 157247K [0x05800000, 0x102a0000, 0x102a0000)
  eden space 139776K,  99% used [0x05800000, 0x0e07fff8, 0x0e080000)
  from space 17472K,  99% used [0x0e080000, 0x0f18fff8, 0x0f190000)
  to   space 17472K,   0% used [0x0f190000, 0x0f190000, 0x102a0000)
 tenured generation   total 349568K, used 349568K [0x102a0000, 0x25800000, 0x25800000)
   the space 349568K, 100% used [0x102a0000, 0x25800000, 0x25800000, 0x25800000)
 Metaspace       used 20797K, capacity 21298K, committed 21504K, reserved 21888K
}

